<?xml version="1.0" encoding="UTF-8"?>
<coverage generated="1485812320017" clover="3.2.0">
  <project timestamp="1485812320017" name="All files">
    <metrics statements="35" coveredstatements="25" conditionals="24" coveredconditionals="12" methods="14" coveredmethods="4" elements="73" coveredelements="41" complexity="0" loc="35" ncloc="35" packages="1" files="6" classes="6">
      <file name="Box.js" path="/Users/rafalfilipek/Projects/colors-show/src/Box.js">
        <metrics statements="13" coveredstatements="6" conditionals="2" coveredconditionals="0" methods="7" coveredmethods="0"/>
        <line num="3" count="1" type="stmt"/>
        <line num="7" count="0" type="stmt"/>
        <line num="11" count="1" type="stmt"/>
        <line num="13" count="1" type="stmt"/>
        <line num="14" count="0" type="stmt"/>
        <line num="15" count="0" type="stmt"/>
        <line num="17" count="0" type="stmt"/>
        <line num="24" count="1" type="stmt"/>
        <line num="26" count="1" type="stmt"/>
        <line num="27" count="0" type="stmt"/>
        <line num="28" count="0" type="stmt"/>
        <line num="30" count="0" type="stmt"/>
        <line num="40" count="1" type="stmt"/>
      </file>
      <file name="Boxes.js" path="/Users/rafalfilipek/Projects/colors-show/src/Boxes.js">
        <metrics statements="3" coveredstatements="2" conditionals="2" coveredconditionals="0" methods="1" coveredmethods="0"/>
        <line num="3" count="1" type="stmt"/>
        <line num="5" count="0" type="stmt"/>
        <line num="8" count="1" type="stmt"/>
      </file>
      <file name="ColorInfo.js" path="/Users/rafalfilipek/Projects/colors-show/src/ColorInfo.js">
        <metrics statements="4" coveredstatements="2" conditionals="4" coveredconditionals="0" methods="2" coveredmethods="0"/>
        <line num="3" count="1" type="stmt"/>
        <line num="5" count="0" type="stmt"/>
        <line num="8" count="0" type="stmt"/>
        <line num="11" count="1" type="stmt"/>
      </file>
      <file name="ColorsShow.js" path="/Users/rafalfilipek/Projects/colors-show/src/ColorsShow.js">
        <metrics statements="11" coveredstatements="11" conditionals="16" coveredconditionals="12" methods="4" coveredmethods="4"/>
        <line num="67" count="4" type="stmt"/>
        <line num="69" count="4" type="stmt"/>
        <line num="70" count="4" type="stmt"/>
        <line num="71" count="1" type="stmt"/>
        <line num="79" count="2" type="stmt"/>
        <line num="80" count="2" type="stmt"/>
        <line num="99" count="5" type="stmt"/>
        <line num="101" count="5" type="stmt"/>
        <line num="102" count="5" type="stmt"/>
        <line num="104" count="5" type="stmt"/>
        <line num="113" count="20" type="stmt"/>
      </file>
      <file name="Container.js" path="/Users/rafalfilipek/Projects/colors-show/src/Container.js">
        <metrics statements="2" coveredstatements="2" conditionals="0" coveredconditionals="0" methods="0" coveredmethods="0"/>
        <line num="3" count="1" type="stmt"/>
        <line num="8" count="1" type="stmt"/>
      </file>
      <file name="Name.js" path="/Users/rafalfilipek/Projects/colors-show/src/Name.js">
        <metrics statements="2" coveredstatements="2" conditionals="0" coveredconditionals="0" methods="0" coveredmethods="0"/>
        <line num="3" count="1" type="stmt"/>
        <line num="7" count="1" type="stmt"/>
      </file>
    </metrics>
  </project>
</coverage>
