{"/Users/rafalfilipek/Projects/colors-show/src/Box.js": {"path":"/Users/rafalfilipek/Projects/colors-show/src/Box.js","statementMap":{"0":{"start":{"line":3,"column":16},"end":{"line":10,"column":1}},"1":{"start":{"line":7,"column":27},"end":{"line":7,"column":38}},"2":{"start":{"line":11,"column":0},"end":{"line":11,"column":32}},"3":{"start":{"line":13,"column":23},"end":{"line":23,"column":1}},"4":{"start":{"line":14,"column":21},"end":{"line":14,"column":33}},"5":{"start":{"line":15,"column":26},"end":{"line":15,"column":38}},"6":{"start":{"line":17,"column":28},"end":{"line":17,"column":39}},"7":{"start":{"line":24,"column":0},"end":{"line":24,"column":32}},"8":{"start":{"line":26,"column":19},"end":{"line":39,"column":1}},"9":{"start":{"line":27,"column":20},"end":{"line":27,"column":31}},"10":{"start":{"line":28,"column":21},"end":{"line":28,"column":33}},"11":{"start":{"line":30,"column":26},"end":{"line":30,"column":66}},"12":{"start":{"line":40,"column":0},"end":{"line":40,"column":24}}},"fnMap":{"0":{"name":"(anonymous_0)","decl":{"start":{"line":7,"column":18},"end":{"line":7,"column":19}},"loc":{"start":{"line":7,"column":27},"end":{"line":7,"column":38}}},"1":{"name":"(anonymous_1)","decl":{"start":{"line":14,"column":12},"end":{"line":14,"column":13}},"loc":{"start":{"line":14,"column":21},"end":{"line":14,"column":33}}},"2":{"name":"(anonymous_2)","decl":{"start":{"line":15,"column":17},"end":{"line":15,"column":18}},"loc":{"start":{"line":15,"column":26},"end":{"line":15,"column":38}}},"3":{"name":"(anonymous_3)","decl":{"start":{"line":17,"column":19},"end":{"line":17,"column":20}},"loc":{"start":{"line":17,"column":28},"end":{"line":17,"column":39}}},"4":{"name":"(anonymous_4)","decl":{"start":{"line":27,"column":11},"end":{"line":27,"column":12}},"loc":{"start":{"line":27,"column":20},"end":{"line":27,"column":31}}},"5":{"name":"(anonymous_5)","decl":{"start":{"line":28,"column":12},"end":{"line":28,"column":13}},"loc":{"start":{"line":28,"column":21},"end":{"line":28,"column":33}}},"6":{"name":"(anonymous_6)","decl":{"start":{"line":30,"column":17},"end":{"line":30,"column":18}},"loc":{"start":{"line":30,"column":26},"end":{"line":30,"column":66}}}},"branchMap":{"0":{"loc":{"start":{"line":30,"column":26},"end":{"line":30,"column":66}},"type":"cond-expr","locations":[{"start":{"line":30,"column":42},"end":{"line":30,"column":62}},{"start":{"line":30,"column":65},"end":{"line":30,"column":66}}]}},"s":{"0":1,"1":0,"2":1,"3":1,"4":0,"5":0,"6":0,"7":1,"8":1,"9":0,"10":0,"11":0,"12":1},"f":{"0":0,"1":0,"2":0,"3":0,"4":0,"5":0,"6":0},"b":{"0":[0,0]},"_coverageSchema":"332fd63041d2c1bcb487cc26dd0d5f7d97098a6c","hash":"5edc3676de21813040380d5e9a72f84feb57cfb3"}
,"/Users/rafalfilipek/Projects/colors-show/src/Boxes.js": {"path":"/Users/rafalfilipek/Projects/colors-show/src/Boxes.js","statementMap":{"0":{"start":{"line":3,"column":14},"end":{"line":7,"column":1}},"1":{"start":{"line":5,"column":29},"end":{"line":5,"column":59}},"2":{"start":{"line":8,"column":0},"end":{"line":8,"column":28}}},"fnMap":{"0":{"name":"(anonymous_0)","decl":{"start":{"line":5,"column":20},"end":{"line":5,"column":21}},"loc":{"start":{"line":5,"column":29},"end":{"line":5,"column":59}}}},"branchMap":{"0":{"loc":{"start":{"line":5,"column":29},"end":{"line":5,"column":59}},"type":"cond-expr","locations":[{"start":{"line":5,"column":43},"end":{"line":5,"column":51}},{"start":{"line":5,"column":54},"end":{"line":5,"column":59}}]}},"s":{"0":1,"1":0,"2":1},"f":{"0":0},"b":{"0":[0,0]},"_coverageSchema":"332fd63041d2c1bcb487cc26dd0d5f7d97098a6c","hash":"b3aaf9dac8c442b923cb6427fc06dc746682852e"}
,"/Users/rafalfilipek/Projects/colors-show/src/ColorInfo.js": {"path":"/Users/rafalfilipek/Projects/colors-show/src/ColorInfo.js","statementMap":{"0":{"start":{"line":3,"column":18},"end":{"line":10,"column":1}},"1":{"start":{"line":5,"column":29},"end":{"line":5,"column":59}},"2":{"start":{"line":8,"column":29},"end":{"line":8,"column":49}},"3":{"start":{"line":11,"column":0},"end":{"line":11,"column":36}}},"fnMap":{"0":{"name":"(anonymous_0)","decl":{"start":{"line":5,"column":20},"end":{"line":5,"column":21}},"loc":{"start":{"line":5,"column":29},"end":{"line":5,"column":59}}},"1":{"name":"(anonymous_1)","decl":{"start":{"line":8,"column":20},"end":{"line":8,"column":21}},"loc":{"start":{"line":8,"column":29},"end":{"line":8,"column":49}}}},"branchMap":{"0":{"loc":{"start":{"line":5,"column":29},"end":{"line":5,"column":59}},"type":"cond-expr","locations":[{"start":{"line":5,"column":43},"end":{"line":5,"column":48}},{"start":{"line":5,"column":51},"end":{"line":5,"column":59}}]},"1":{"loc":{"start":{"line":8,"column":29},"end":{"line":8,"column":49}},"type":"cond-expr","locations":[{"start":{"line":8,"column":43},"end":{"line":8,"column":45}},{"start":{"line":8,"column":48},"end":{"line":8,"column":49}}]}},"s":{"0":1,"1":0,"2":0,"3":1},"f":{"0":0,"1":0},"b":{"0":[0,0],"1":[0,0]},"_coverageSchema":"332fd63041d2c1bcb487cc26dd0d5f7d97098a6c","hash":"5255b75c3cfd0bdce7e2703df01ee0e4933ea481"}
,"/Users/rafalfilipek/Projects/colors-show/src/ColorsShow.js": {"path":"/Users/rafalfilipek/Projects/colors-show/src/ColorsShow.js","statementMap":{"0":{"start":{"line":67,"column":31},"end":{"line":67,"column":41}},"1":{"start":{"line":69,"column":4},"end":{"line":73,"column":5}},"2":{"start":{"line":70,"column":6},"end":{"line":72,"column":7}},"3":{"start":{"line":71,"column":8},"end":{"line":71,"column":72}},"4":{"start":{"line":79,"column":4},"end":{"line":81,"column":5}},"5":{"start":{"line":80,"column":6},"end":{"line":80,"column":54}},"6":{"start":{"line":99,"column":8},"end":{"line":99,"column":18}},"7":{"start":{"line":101,"column":22},"end":{"line":101,"column":43}},"8":{"start":{"line":102,"column":22},"end":{"line":102,"column":44}},"9":{"start":{"line":104,"column":4},"end":{"line":130,"column":6}},"10":{"start":{"line":113,"column":12},"end":{"line":126,"column":24}}},"fnMap":{"0":{"name":"(anonymous_0)","decl":{"start":{"line":66,"column":2},"end":{"line":66,"column":3}},"loc":{"start":{"line":66,"column":23},"end":{"line":74,"column":3}}},"1":{"name":"(anonymous_1)","decl":{"start":{"line":78,"column":18},"end":{"line":78,"column":19}},"loc":{"start":{"line":78,"column":24},"end":{"line":82,"column":3}}},"2":{"name":"(anonymous_2)","decl":{"start":{"line":84,"column":2},"end":{"line":84,"column":3}},"loc":{"start":{"line":84,"column":11},"end":{"line":131,"column":3}}},"3":{"name":"(anonymous_3)","decl":{"start":{"line":112,"column":35},"end":{"line":112,"column":36}},"loc":{"start":{"line":113,"column":12},"end":{"line":126,"column":24}}}},"branchMap":{"0":{"loc":{"start":{"line":69,"column":4},"end":{"line":73,"column":5}},"type":"if","locations":[{"start":{"line":69,"column":4},"end":{"line":73,"column":5}},{"start":{"line":69,"column":4},"end":{"line":73,"column":5}}]},"1":{"loc":{"start":{"line":70,"column":6},"end":{"line":72,"column":7}},"type":"if","locations":[{"start":{"line":70,"column":6},"end":{"line":72,"column":7}},{"start":{"line":70,"column":6},"end":{"line":72,"column":7}}]},"2":{"loc":{"start":{"line":70,"column":10},"end":{"line":70,"column":26}},"type":"binary-expr","locations":[{"start":{"line":70,"column":10},"end":{"line":70,"column":17}},{"start":{"line":70,"column":21},"end":{"line":70,"column":26}}]},"3":{"loc":{"start":{"line":79,"column":4},"end":{"line":81,"column":5}},"type":"if","locations":[{"start":{"line":79,"column":4},"end":{"line":81,"column":5}},{"start":{"line":79,"column":4},"end":{"line":81,"column":5}}]},"4":{"loc":{"start":{"line":101,"column":22},"end":{"line":101,"column":43}},"type":"cond-expr","locations":[{"start":{"line":101,"column":30},"end":{"line":101,"column":37}},{"start":{"line":101,"column":40},"end":{"line":101,"column":43}}]},"5":{"loc":{"start":{"line":102,"column":22},"end":{"line":102,"column":44}},"type":"binary-expr","locations":[{"start":{"line":102,"column":22},"end":{"line":102,"column":31}},{"start":{"line":102,"column":35},"end":{"line":102,"column":44}}]},"6":{"loc":{"start":{"line":110,"column":9},"end":{"line":110,"column":62}},"type":"binary-expr","locations":[{"start":{"line":110,"column":9},"end":{"line":110,"column":13}},{"start":{"line":110,"column":17},"end":{"line":110,"column":62}}]},"7":{"loc":{"start":{"line":124,"column":17},"end":{"line":124,"column":54}},"type":"binary-expr","locations":[{"start":{"line":124,"column":17},"end":{"line":124,"column":26}},{"start":{"line":124,"column":30},"end":{"line":124,"column":54}}]}},"s":{"0":4,"1":4,"2":4,"3":1,"4":2,"5":2,"6":5,"7":5,"8":5,"9":5,"10":20},"f":{"0":4,"1":2,"2":5,"3":20},"b":{"0":[4,0],"1":[1,3],"2":[4,2],"3":[2,0],"4":[0,5],"5":[5,5],"6":[5,0],"7":[20,20]},"_coverageSchema":"332fd63041d2c1bcb487cc26dd0d5f7d97098a6c","hash":"d9236ecc9315cfcc799af7536b0bf2e75e3af9c2"}
,"/Users/rafalfilipek/Projects/colors-show/src/Container.js": {"path":"/Users/rafalfilipek/Projects/colors-show/src/Container.js","statementMap":{"0":{"start":{"line":3,"column":18},"end":{"line":7,"column":1}},"1":{"start":{"line":8,"column":0},"end":{"line":8,"column":36}}},"fnMap":{},"branchMap":{},"s":{"0":1,"1":1},"f":{},"b":{},"_coverageSchema":"332fd63041d2c1bcb487cc26dd0d5f7d97098a6c","hash":"498d958be820e7b195c7400e91c7ef65f7e29e78"}
,"/Users/rafalfilipek/Projects/colors-show/src/Name.js": {"path":"/Users/rafalfilipek/Projects/colors-show/src/Name.js","statementMap":{"0":{"start":{"line":3,"column":13},"end":{"line":6,"column":1}},"1":{"start":{"line":7,"column":0},"end":{"line":7,"column":26}}},"fnMap":{},"branchMap":{},"s":{"0":1,"1":1},"f":{},"b":{},"_coverageSchema":"332fd63041d2c1bcb487cc26dd0d5f7d97098a6c","hash":"61a30bc1573d74739de4b016c4867ddb17192a04"}
}
