TN:
SF:/Users/rafalfilipek/Projects/colors-show/src/Box.js
FN:7,(anonymous_0)
FN:14,(anonymous_1)
FN:15,(anonymous_2)
FN:17,(anonymous_3)
FN:27,(anonymous_4)
FN:28,(anonymous_5)
FN:30,(anonymous_6)
FNF:7
FNH:0
FNDA:0,(anonymous_0)
FNDA:0,(anonymous_1)
FNDA:0,(anonymous_2)
FNDA:0,(anonymous_3)
FNDA:0,(anonymous_4)
FNDA:0,(anonymous_5)
FNDA:0,(anonymous_6)
DA:3,1
DA:7,0
DA:11,1
DA:13,1
DA:14,0
DA:15,0
DA:17,0
DA:24,1
DA:26,1
DA:27,0
DA:28,0
DA:30,0
DA:40,1
LF:13
LH:6
BRDA:30,0,0,0
BRDA:30,0,1,0
BRF:2
BRH:0
end_of_record
TN:
SF:/Users/rafalfilipek/Projects/colors-show/src/Boxes.js
FN:5,(anonymous_0)
FNF:1
FNH:0
FNDA:0,(anonymous_0)
DA:3,1
DA:5,0
DA:8,1
LF:3
LH:2
BRDA:5,0,0,0
BRDA:5,0,1,0
BRF:2
BRH:0
end_of_record
TN:
SF:/Users/rafalfilipek/Projects/colors-show/src/ColorInfo.js
FN:5,(anonymous_0)
FN:8,(anonymous_1)
FNF:2
FNH:0
FNDA:0,(anonymous_0)
FNDA:0,(anonymous_1)
DA:3,1
DA:5,0
DA:8,0
DA:11,1
LF:4
LH:2
BRDA:5,0,0,0
BRDA:5,0,1,0
BRDA:8,1,0,0
BRDA:8,1,1,0
BRF:4
BRH:0
end_of_record
TN:
SF:/Users/rafalfilipek/Projects/colors-show/src/ColorsShow.js
FN:66,(anonymous_0)
FN:78,(anonymous_1)
FN:84,(anonymous_2)
FN:112,(anonymous_3)
FNF:4
FNH:4
FNDA:4,(anonymous_0)
FNDA:2,(anonymous_1)
FNDA:5,(anonymous_2)
FNDA:20,(anonymous_3)
DA:67,4
DA:69,4
DA:70,4
DA:71,1
DA:79,2
DA:80,2
DA:99,5
DA:101,5
DA:102,5
DA:104,5
DA:113,20
LF:11
LH:11
BRDA:69,0,0,4
BRDA:69,0,1,0
BRDA:70,1,0,1
BRDA:70,1,1,3
BRDA:70,2,0,4
BRDA:70,2,1,2
BRDA:79,3,0,2
BRDA:79,3,1,0
BRDA:101,4,0,0
BRDA:101,4,1,5
BRDA:102,5,0,5
BRDA:102,5,1,5
BRDA:110,6,0,5
BRDA:110,6,1,0
BRDA:124,7,0,20
BRDA:124,7,1,20
BRF:16
BRH:12
end_of_record
TN:
SF:/Users/rafalfilipek/Projects/colors-show/src/Container.js
FNF:0
FNH:0
DA:3,1
DA:8,1
LF:2
LH:2
BRF:0
BRH:0
end_of_record
TN:
SF:/Users/rafalfilipek/Projects/colors-show/src/Name.js
FNF:0
FNH:0
DA:3,1
DA:7,1
LF:2
LH:2
BRF:0
BRH:0
end_of_record
